<?xml version="1.0" encoding="UTF-8"?>
<testng-results ignored="0" total="1" passed="1" failed="0" skipped="0">
  <reporter-output>
  </reporter-output>
  <suite started-at="2021-07-25T18:07:15 PET" name="PruebaTest" finished-at="2021-07-25T18:07:15 PET" duration-ms="37">
    <groups>
    </groups>
    <test started-at="2021-07-25T18:07:15 PET" name="Command line test" finished-at="2021-07-25T18:07:15 PET" duration-ms="37">
      <class name="PruebaTest">
        <test-method signature="test1()[pri:0, instance:PruebaTest@23fe1d71]" started-at="2021-07-25T18:07:15 PET" name="test1" finished-at="2021-07-25T18:07:15 PET" duration-ms="6" status="PASS">
          <reporter-output>
          </reporter-output>
        </test-method> <!-- test1 -->
      </class> <!-- PruebaTest -->
    </test> <!-- Command line test -->
  </suite> <!-- PruebaTest -->
</testng-results>
